{"logTime": "1013/234410", "correlationVector":"2AzxxhT5DOilTneegXeO28.52","action":"GetUpdates", "result":"DeleteReceived", "context":{"id":"d9b64667-4ad9-4043-af6d-e39a369a1078", "isDeleted:":"true", "version":"1724836168534"}}
{"logTime": "1013/234410", "correlationVector":"2AzxxhT5DOilTneegXeO28.53","action":"GetUpdates", "result":"DeleteReceived", "context":{"id":"b846baf3-6158-414f-a753-e4282fc4f58d", "isDeleted:":"true", "version":"1724839524000"}}
{"logTime": "1013/234410", "correlationVector":"2AzxxhT5DOilTneegXeO28.54","action":"GetUpdates", "result":"DeleteReceived", "context":{"id":"115b4911-3d6a-41ff-ae44-d32119b8be12", "isDeleted:":"true", "version":"1724839524003"}}
{"logTime": "1013/234410", "correlationVector":"2AzxxhT5DOilTneegXeO28.55","action":"GetUpdates", "result":"DeleteReceived", "context":{"id":"c5032ec3-1196-44c4-8393-5faa039d09e9", "isDeleted:":"true", "version":"1724839524004"}}
{"logTime": "1013/234410", "correlationVector":"2AzxxhT5DOilTneegXeO28.56","action":"GetUpdates", "result":"DeleteReceived", "context":{"id":"f8d2d78b-0d42-469a-af62-94e1719330e4", "isDeleted:":"true", "version":"1724839524005"}}
{"logTime": "1013/234410", "correlationVector":"2AzxxhT5DOilTneegXeO28.57","action":"GetUpdates", "result":"DeleteReceived", "context":{"id":"ef47b13b-dcf7-41f4-acb4-ef1fc7f9c8a3", "isDeleted:":"true", "version":"1724839524006"}}
{"logTime": "1013/234410", "correlationVector":"2AzxxhT5DOilTneegXeO28.58","action":"GetUpdates", "result":"DeleteReceived", "context":{"id":"1d71f87f-ec5d-4843-a0ab-88a0eb5c4c35", "isDeleted:":"true", "version":"1724839524008"}}
{"logTime": "1013/234410", "correlationVector":"2AzxxhT5DOilTneegXeO28.59","action":"GetUpdates", "result":"DeleteReceived", "context":{"id":"66bb1d5f-7834-44f3-868f-30b2325561e7", "isDeleted:":"true", "version":"1724839524009"}}
{"logTime": "1013/234410", "correlationVector":"2AzxxhT5DOilTneegXeO28.60","action":"GetUpdates", "result":"DeleteReceived", "context":{"id":"3d4bb1db-6af2-42e8-953e-9294bbde4306", "isDeleted:":"true", "version":"1724846563043"}}
{"logTime": "1013/234410", "correlationVector":"2AzxxhT5DOilTneegXeO28.61","action":"GetUpdates", "result":"DeleteReceived", "context":{"id":"ef61d8f4-7569-4d6c-9462-60204c937258", "isDeleted:":"true", "version":"1724846563044"}}
{"logTime": "1013/234410", "correlationVector":"2AzxxhT5DOilTneegXeO28.62","action":"GetUpdates", "result":"DeleteReceived", "context":{"id":"a704ead0-10da-40a9-bcef-c33f2ccfd2e0", "isDeleted:":"true", "version":"1724855953101"}}
{"logTime": "1013/234410", "correlationVector":"2AzxxhT5DOilTneegXeO28.63","action":"GetUpdates", "result":"DeleteReceived", "context":{"id":"6fdce5d2-735b-4848-bcbb-6b38a59ea8e7", "isDeleted:":"true", "version":"1724855953103"}}
{"logTime": "1013/234410", "correlationVector":"2AzxxhT5DOilTneegXeO28.64","action":"GetUpdates", "result":"DeleteReceived", "context":{"id":"f4cecfcd-37eb-4856-9abd-f6e9bf11d26a", "isDeleted:":"true", "version":"1724857909330"}}
{"logTime": "1013/234410", "correlationVector":"2AzxxhT5DOilTneegXeO28.65","action":"GetUpdates", "result":"DeleteReceived", "context":{"id":"b913bd10-72da-4548-b1c7-3c1bbe3f33fa", "isDeleted:":"true", "version":"1724857909332"}}
{"logTime": "1013/234410", "correlationVector":"2AzxxhT5DOilTneegXeO28.66","action":"GetUpdates", "result":"DeleteReceived", "context":{"id":"1dca416c-194f-4095-aa08-0fbf60d02acf", "isDeleted:":"true", "version":"1724859839683"}}
{"logTime": "1013/234410", "correlationVector":"2AzxxhT5DOilTneegXeO28.67","action":"GetUpdates", "result":"DeleteReceived", "context":{"id":"92489828-ab6a-4f59-ba5e-9681652521d5", "isDeleted:":"true", "version":"1724869090798"}}
{"logTime": "1013/234410", "correlationVector":"2AzxxhT5DOilTneegXeO28.68","action":"GetUpdates", "result":"DeleteReceived", "context":{"id":"804b12e8-53fd-4340-9ba3-e5c4af08d80c", "isDeleted:":"true", "version":"1724869106471"}}
{"logTime": "1013/234410", "correlationVector":"2AzxxhT5DOilTneegXeO28.69","action":"GetUpdates", "result":"DeleteReceived", "context":{"id":"4ffe1c30-1084-40f3-9327-2031c2ba6886", "isDeleted:":"true", "version":"1724871927311"}}
{"logTime": "1013/234410", "correlationVector":"2AzxxhT5DOilTneegXeO28.70","action":"GetUpdates", "result":"DeleteReceived", "context":{"id":"2ac695d8-8a11-4724-9aba-beea95bd19a3", "isDeleted:":"true", "version":"1724871927312"}}
{"logTime": "1013/234410", "correlationVector":"2AzxxhT5DOilTneegXeO28.71","action":"GetUpdates", "result":"DeleteReceived", "context":{"id":"80275bff-7603-47e7-a14b-545f41a67f19", "isDeleted:":"true", "version":"1724881291019"}}
{"logTime": "1013/234410", "correlationVector":"2AzxxhT5DOilTneegXeO28.72","action":"GetUpdates", "result":"DeleteReceived", "context":{"id":"b18985bc-938f-48d0-9f03-a48363b8645b", "isDeleted:":"true", "version":"1724881423772"}}
{"logTime": "1013/234410", "correlationVector":"2AzxxhT5DOilTneegXeO28.73","action":"GetUpdates", "result":"DeleteReceived", "context":{"id":"67687d15-1f38-40af-a73c-e707026efc23", "isDeleted:":"true", "version":"1724881428871"}}
{"logTime": "1013/234410", "correlationVector":"2AzxxhT5DOilTneegXeO28.74","action":"GetUpdates", "result":"DeleteReceived", "context":{"id":"6a4b7a5a-02c9-44ea-a65e-43d7a7f69c34", "isDeleted:":"true", "version":"1724881428872"}}
{"logTime": "1013/234410", "correlationVector":"2AzxxhT5DOilTneegXeO28.75","action":"GetUpdates", "result":"DeleteReceived", "context":{"id":"9e884436-bf90-4af3-8011-347446159b2a", "isDeleted:":"true", "version":"1724894603362"}}
{"logTime": "1013/234410", "correlationVector":"2AzxxhT5DOilTneegXeO28.76","action":"GetUpdates", "result":"DeleteReceived", "context":{"id":"2d9a5d9e-b4dc-40c7-b602-81a88a3bdac0", "isDeleted:":"true", "version":"1724894655633"}}
{"logTime": "1013/234410", "correlationVector":"2AzxxhT5DOilTneegXeO28.77","action":"GetUpdates", "result":"DeleteReceived", "context":{"id":"63171d5e-f1f1-461b-9958-af6a335deabf", "isDeleted:":"true", "version":"1724894655636"}}
{"logTime": "1013/234410", "correlationVector":"2AzxxhT5DOilTneegXeO28.78","action":"GetUpdates", "result":"DeleteReceived", "context":{"id":"737b049e-a012-4253-874a-5abb5bc5fc34", "isDeleted:":"true", "version":"1724916184985"}}
{"logTime": "1013/234410", "correlationVector":"2AzxxhT5DOilTneegXeO28.79","action":"GetUpdates", "result":"DeleteReceived", "context":{"id":"1c6c0dd8-888c-445b-ae9b-1624cf8e9934", "isDeleted:":"true", "version":"1724916184986"}}
{"logTime": "1013/234410", "correlationVector":"2AzxxhT5DOilTneegXeO28.80","action":"GetUpdates", "result":"DeleteReceived", "context":{"id":"145af1cc-5816-49e8-919a-ebdbff2e4f94", "isDeleted:":"true", "version":"1724916184989"}}
{"logTime": "1013/234410", "correlationVector":"2AzxxhT5DOilTneegXeO28.81","action":"GetUpdates", "result":"DeleteReceived", "context":{"id":"e8ec6aa0-0a57-41e6-af9c-3184b751e326", "isDeleted:":"true", "version":"1724931644991"}}
{"logTime": "1013/234410", "correlationVector":"2AzxxhT5DOilTneegXeO28.82","action":"GetUpdates", "result":"DeleteReceived", "context":{"id":"d95cf229-e921-4813-a70e-d984279cb6db", "isDeleted:":"true", "version":"1724933618754"}}
{"logTime": "1013/234410", "correlationVector":"2AzxxhT5DOilTneegXeO28.83","action":"GetUpdates", "result":"DeleteReceived", "context":{"id":"86b162f5-7451-435f-8738-a2113ad03a30", "isDeleted:":"true", "version":"1724933618755"}}
{"logTime": "1013/234410", "correlationVector":"2AzxxhT5DOilTneegXeO28.84","action":"GetUpdates", "result":"DeleteReceived", "context":{"id":"16bfdacd-8932-47bd-b1bb-aeef77c99d95", "isDeleted:":"true", "version":"1724933618756"}}
{"logTime": "1013/234410", "correlationVector":"2AzxxhT5DOilTneegXeO28.85","action":"GetUpdates", "result":"DeleteReceived", "context":{"id":"d6f1b322-0673-45f3-a8c2-31572eaddae5", "isDeleted:":"true", "version":"1724933618758"}}
{"logTime": "1013/234410", "correlationVector":"2AzxxhT5DOilTneegXeO28.86","action":"GetUpdates", "result":"DeleteReceived", "context":{"id":"6ebe7047-921a-4572-8b89-1c79e00054f0", "isDeleted:":"true", "version":"1724933618759"}}
{"logTime": "1013/234410", "correlationVector":"2AzxxhT5DOilTneegXeO28.87","action":"GetUpdates", "result":"DeleteReceived", "context":{"id":"8118c6f4-d439-46d0-b226-be261a6a7a01", "isDeleted:":"true", "version":"1724934833128"}}
{"logTime": "1013/234410", "correlationVector":"2AzxxhT5DOilTneegXeO28.88","action":"GetUpdates", "result":"DeleteReceived", "context":{"id":"6577c129-a343-4435-b8d0-0739d567a191", "isDeleted:":"true", "version":"1724939903727"}}
{"logTime": "1013/234410", "correlationVector":"2AzxxhT5DOilTneegXeO28.89","action":"GetUpdates", "result":"DeleteReceived", "context":{"id":"8fc4ac76-d4bd-4965-b9e7-caf99b21d795", "isDeleted:":"true", "version":"1725093926935"}}
{"logTime": "1013/234410", "correlationVector":"2AzxxhT5DOilTneegXeO28.90","action":"GetUpdates", "result":"DeleteReceived", "context":{"id":"e14d4577-4bc9-46e9-8d25-c66523ef6ac8", "isDeleted:":"true", "version":"1725093926936"}}
{"logTime": "1013/234410", "correlationVector":"2AzxxhT5DOilTneegXeO28.91","action":"GetUpdates", "result":"DeleteReceived", "context":{"id":"514e1f89-dc07-42cb-a6b1-cff69dd03011", "isDeleted:":"true", "version":"1725093926937"}}
{"logTime": "1013/234410", "correlationVector":"2AzxxhT5DOilTneegXeO28.92","action":"GetUpdates", "result":"DeleteReceived", "context":{"id":"9638919a-a22d-40ca-82d1-42be595c1632", "isDeleted:":"true", "version":"1725093926938"}}
{"logTime": "1013/234410", "correlationVector":"2AzxxhT5DOilTneegXeO28.93","action":"GetUpdates", "result":"DeleteReceived", "context":{"id":"032b3503-14b4-4f46-a815-5b031fdb690d", "isDeleted:":"true", "version":"1725093926939"}}
{"logTime": "1013/234410", "correlationVector":"2AzxxhT5DOilTneegXeO28.94","action":"GetUpdates", "result":"DeleteReceived", "context":{"id":"178e4d7d-191a-4831-90e7-168be8b9d4a3", "isDeleted:":"true", "version":"1725093926940"}}
{"logTime": "1013/234410", "correlationVector":"2AzxxhT5DOilTneegXeO28.95","action":"GetUpdates", "result":"DeleteReceived", "context":{"id":"58d15d13-e3b5-4fca-b95d-944ab5c8e821", "isDeleted:":"true", "version":"1725093926941"}}
{"logTime": "1013/234410", "correlationVector":"2AzxxhT5DOilTneegXeO28.96","action":"GetUpdates", "result":"DeleteReceived", "context":{"id":"e2316583-e3c4-4f28-a0c1-8b12c7e813fc", "isDeleted:":"true", "version":"1725093926942"}}
{"logTime": "1013/234410", "correlationVector":"2AzxxhT5DOilTneegXeO28.97","action":"GetUpdates", "result":"DeleteReceived", "context":{"id":"98e3627f-7031-4967-b49f-cf06e0d54eb1", "isDeleted:":"true", "version":"1725093926943"}}
{"logTime": "1013/234410", "correlationVector":"2AzxxhT5DOilTneegXeO28.98","action":"GetUpdates", "result":"DeleteReceived", "context":{"id":"6160d550-ce38-413c-acdf-8d3f187f0480", "isDeleted:":"true", "version":"1725093926944"}}
{"logTime": "1013/234410", "correlationVector":"2AzxxhT5DOilTneegXeO28.99","action":"GetUpdates", "result":"DeleteReceived", "context":{"id":"af43d5a4-5b56-4524-8bd3-d061c74ea315", "isDeleted:":"true", "version":"1725093926945"}}
{"logTime": "1013/234410", "correlationVector":"2AzxxhT5DOilTneegXeO28.100","action":"GetUpdates", "result":"DeleteReceived", "context":{"id":"5babc5c0-cc40-4367-9062-96f2f0745788", "isDeleted:":"true", "version":"1725093926946"}}
{"logTime": "1013/234410", "correlationVector":"2AzxxhT5DOilTneegXeO28.101","action":"GetUpdates", "result":"DeleteReceived", "context":{"id":"9bc24228-e165-4933-91ae-3b3454797333", "isDeleted:":"true", "version":"1725113919440"}}
{"logTime": "1013/234410", "correlationVector":"2AzxxhT5DOilTneegXeO28.102","action":"GetUpdates", "result":"DeleteReceived", "context":{"id":"db0ce277-e4b9-4617-91ff-2288c21f529d", "isDeleted:":"true", "version":"1725113919442"}}
{"logTime": "1013/234410", "correlationVector":"2AzxxhT5DOilTneegXeO28.103","action":"GetUpdates", "result":"DeleteReceived", "context":{"id":"d20a3b46-0d90-41a9-89e6-b445321335e3", "isDeleted:":"true", "version":"1725120116303"}}
{"logTime": "1013/234410", "correlationVector":"2AzxxhT5DOilTneegXeO28.104","action":"GetUpdates", "result":"DeleteReceived", "context":{"id":"1b19fc05-47a9-4bd9-86ba-b09719f9f8ce", "isDeleted:":"true", "version":"1725127515073"}}
{"logTime": "1013/234410", "correlationVector":"2AzxxhT5DOilTneegXeO28.105","action":"GetUpdates", "result":"DeleteReceived", "context":{"id":"81698f9b-3d44-40b4-968a-4205403e023e", "isDeleted:":"true", "version":"1725128765762"}}
{"logTime": "1013/234410", "correlationVector":"2AzxxhT5DOilTneegXeO28.106","action":"GetUpdates", "result":"DeleteReceived", "context":{"id":"d0dc4fcc-54b5-4f36-b8e9-015d22600e01", "isDeleted:":"true", "version":"1725129193664"}}
{"logTime": "1013/234410", "correlationVector":"2AzxxhT5DOilTneegXeO28.107","action":"GetUpdates", "result":"DeleteReceived", "context":{"id":"7219a0f2-abe2-43b8-8305-8c134376a759", "isDeleted:":"true", "version":"1725129193665"}}
{"logTime": "1013/234410", "correlationVector":"2AzxxhT5DOilTneegXeO28.108","action":"GetUpdates", "result":"DeleteReceived", "context":{"id":"740c39f5-0ea2-4f02-a3ec-c9690c74a9e6", "isDeleted:":"true", "version":"1725129193666"}}
{"logTime": "1013/234410", "correlationVector":"2AzxxhT5DOilTneegXeO28.109","action":"GetUpdates", "result":"DeleteReceived", "context":{"id":"5719528c-1688-4dde-9f47-12440a81255e", "isDeleted:":"true", "version":"1725129193667"}}
{"logTime": "1013/234410", "correlationVector":"2AzxxhT5DOilTneegXeO28.110","action":"GetUpdates", "result":"DeleteReceived", "context":{"id":"d43208f8-1521-48b7-b791-2308dd518436", "isDeleted:":"true", "version":"1725129193668"}}
{"logTime": "1013/234410", "correlationVector":"2AzxxhT5DOilTneegXeO28.111","action":"GetUpdates", "result":"DeleteReceived", "context":{"id":"6aebffcf-342c-4617-a666-2edcba3954e0", "isDeleted:":"true", "version":"1725129193669"}}
{"logTime": "1013/234410", "correlationVector":"2AzxxhT5DOilTneegXeO28.112","action":"GetUpdates", "result":"DeleteReceived", "context":{"id":"a3bc6b31-eff2-4c95-8445-55c82e05a164", "isDeleted:":"true", "version":"1725129193670"}}
{"logTime": "1013/234410", "correlationVector":"2AzxxhT5DOilTneegXeO28.113","action":"GetUpdates", "result":"DeleteReceived", "context":{"id":"6bbe18c5-1f2c-4531-8360-b6a2a28e4ebb", "isDeleted:":"true", "version":"1725129193671"}}
{"logTime": "1013/234410", "correlationVector":"2AzxxhT5DOilTneegXeO28.114","action":"GetUpdates", "result":"DeleteReceived", "context":{"id":"1b240c30-cfed-484a-ae19-48080571ec32", "isDeleted:":"true", "version":"1725129193672"}}
{"logTime": "1013/234410", "correlationVector":"2AzxxhT5DOilTneegXeO28.115","action":"GetUpdates", "result":"DeleteReceived", "context":{"id":"b4c74079-04eb-47c3-86dd-1eb9f9fa7911", "isDeleted:":"true", "version":"1725129193673"}}
{"logTime": "1013/234410", "correlationVector":"2AzxxhT5DOilTneegXeO28.116","action":"GetUpdates", "result":"DeleteReceived", "context":{"id":"c0f0bc0c-4b8d-4784-ace3-7107420d451d", "isDeleted:":"true", "version":"1725129193674"}}
{"logTime": "1013/234410", "correlationVector":"2AzxxhT5DOilTneegXeO28.117","action":"GetUpdates", "result":"DeleteReceived", "context":{"id":"b01cd14d-4146-43f0-bdf1-17c5c6a31102", "isDeleted:":"true", "version":"1725129193676"}}
{"logTime": "1013/234410", "correlationVector":"2AzxxhT5DOilTneegXeO28.118","action":"GetUpdates", "result":"DeleteReceived", "context":{"id":"f70729f7-bde2-4256-bbb9-ae509ecca061", "isDeleted:":"true", "version":"1725129193677"}}
{"logTime": "1013/234410", "correlationVector":"2AzxxhT5DOilTneegXeO28.119","action":"GetUpdates", "result":"DeleteReceived", "context":{"id":"62432f94-0cd2-4b3f-97e3-2c2cf4ec94fe", "isDeleted:":"true", "version":"1725129193678"}}
{"logTime": "1013/234410", "correlationVector":"2AzxxhT5DOilTneegXeO28.120","action":"GetUpdates", "result":"DeleteReceived", "context":{"id":"214ec341-01a2-4d8d-be53-25f0a56f231b", "isDeleted:":"true", "version":"1725129193679"}}
{"logTime": "1013/234410", "correlationVector":"2AzxxhT5DOilTneegXeO28.121","action":"GetUpdates", "result":"DeleteReceived", "context":{"id":"31190b2b-03e5-496e-9f08-3b9099af389a", "isDeleted:":"true", "version":"1725129193680"}}
{"logTime": "1013/234410", "correlationVector":"2AzxxhT5DOilTneegXeO28.122","action":"GetUpdates", "result":"DeleteReceived", "context":{"id":"71a1aced-5178-4b52-9b38-387bdece7538", "isDeleted:":"true", "version":"1725129193681"}}
{"logTime": "1013/234410", "correlationVector":"2AzxxhT5DOilTneegXeO28.123","action":"GetUpdates", "result":"DeleteReceived", "context":{"id":"92ad026d-9ffa-459f-8060-7e5a5e52c443", "isDeleted:":"true", "version":"1725129193682"}}
{"logTime": "1013/234410", "correlationVector":"2AzxxhT5DOilTneegXeO28.124","action":"GetUpdates", "result":"DeleteReceived", "context":{"id":"b294dcbd-dbeb-4dca-b7d7-39444035f975", "isDeleted:":"true", "version":"1725129193683"}}
{"logTime": "1013/234410", "correlationVector":"2AzxxhT5DOilTneegXeO28.125","action":"GetUpdates", "result":"DeleteReceived", "context":{"id":"18a52e75-745f-49d2-8056-67cebb6f777f", "isDeleted:":"true", "version":"1725129193684"}}
{"logTime": "1013/234410", "correlationVector":"2AzxxhT5DOilTneegXeO28.126","action":"GetUpdates", "result":"DeleteReceived", "context":{"id":"d8e04c2e-76a8-418e-982c-e46f6d856da4", "isDeleted:":"true", "version":"1725132235486"}}
{"logTime": "1013/234410", "correlationVector":"2AzxxhT5DOilTneegXeO28.127","action":"GetUpdates", "result":"DeleteReceived", "context":{"id":"8c2fc37b-a2aa-4141-90b0-8317ca099d74", "isDeleted:":"true", "version":"1725132235488"}}
{"logTime": "1013/234410", "correlationVector":"2AzxxhT5DOilTneegXeO28.128","action":"GetUpdates", "result":"DeleteReceived", "context":{"id":"6e1c12a0-1900-44a5-94e9-18ec53928bfa", "isDeleted:":"true", "version":"1725132235489"}}
{"logTime": "1013/234410", "correlationVector":"2AzxxhT5DOilTneegXeO28.129","action":"GetUpdates", "result":"DeleteReceived", "context":{"id":"f993ac86-f30b-4c7f-93d0-d2ecfc009773", "isDeleted:":"true", "version":"1725177191817"}}
{"logTime": "1013/234410", "correlationVector":"2AzxxhT5DOilTneegXeO28.130","action":"GetUpdates", "result":"DeleteReceived", "context":{"id":"e3a22cb3-b18b-427a-a99e-f022c8003e6f", "isDeleted:":"true", "version":"1725177896911"}}
{"logTime": "1013/234410", "correlationVector":"2AzxxhT5DOilTneegXeO28.131","action":"GetUpdates", "result":"DeleteReceived", "context":{"id":"5e23e339-fd98-4fbc-afe5-229f3593b869", "isDeleted:":"true", "version":"1725177896916"}}
{"logTime": "1013/234410", "correlationVector":"2AzxxhT5DOilTneegXeO28.132","action":"GetUpdates", "result":"DeleteReceived", "context":{"id":"06d602c1-5b5a-4ab7-9dc8-bb92f92e526f", "isDeleted:":"true", "version":"1725179043358"}}
{"logTime": "1013/234410", "correlationVector":"2AzxxhT5DOilTneegXeO28.133","action":"GetUpdates", "result":"DeleteReceived", "context":{"id":"76d38b92-8c93-4a7a-a1f8-1e4c912e7882", "isDeleted:":"true", "version":"1725202826533"}}
{"logTime": "1013/234410", "correlationVector":"2AzxxhT5DOilTneegXeO28.134","action":"GetUpdates", "result":"DeleteReceived", "context":{"id":"7fa69edd-fb05-48b5-948a-896f85884852", "isDeleted:":"true", "version":"1725202826534"}}
{"logTime": "1013/234410", "correlationVector":"2AzxxhT5DOilTneegXeO28.135","action":"GetUpdates", "result":"DeleteReceived", "context":{"id":"01828377-fcc7-465f-a7fb-46e36ff71029", "isDeleted:":"true", "version":"1725202826535"}}
{"logTime": "1013/234410", "correlationVector":"2AzxxhT5DOilTneegXeO28.136","action":"GetUpdates", "result":"DeleteReceived", "context":{"id":"ee9076e1-7690-4372-b468-2deaf5ed7899", "isDeleted:":"true", "version":"1725202826536"}}
{"logTime": "1013/234410", "correlationVector":"2AzxxhT5DOilTneegXeO28.137","action":"GetUpdates", "result":"DeleteReceived", "context":{"id":"b5aef074-8aff-415c-b2b2-bda953feb6f9", "isDeleted:":"true", "version":"1725202826538"}}
{"logTime": "1013/234410", "correlationVector":"2AzxxhT5DOilTneegXeO28.138","action":"GetUpdates", "result":"DeleteReceived", "context":{"id":"ba0e52b9-5ad8-4e1e-bb99-90d4c753eb63", "isDeleted:":"true", "version":"1725202826539"}}
{"logTime": "1013/234410", "correlationVector":"2AzxxhT5DOilTneegXeO28.139","action":"GetUpdates", "result":"DeleteReceived", "context":{"id":"48e94572-35d2-49b7-8842-dcef325fad3f", "isDeleted:":"true", "version":"1725202826540"}}
{"logTime": "1013/234410", "correlationVector":"2AzxxhT5DOilTneegXeO28.140","action":"GetUpdates", "result":"DeleteReceived", "context":{"id":"d675cbd2-fe87-4a2c-a67f-b09066894b86", "isDeleted:":"true", "version":"1725202826541"}}
{"logTime": "1013/234410", "correlationVector":"2AzxxhT5DOilTneegXeO28.141","action":"GetUpdates", "result":"DeleteReceived", "context":{"id":"be13e0f1-4d2e-44d3-b3d3-1fa202ee12a5", "isDeleted:":"true", "version":"1725202826542"}}
{"logTime": "1013/234410", "correlationVector":"2AzxxhT5DOilTneegXeO28.142","action":"GetUpdates", "result":"DeleteReceived", "context":{"id":"f73f847f-f902-46ee-9105-35b7fc92bbdb", "isDeleted:":"true", "version":"1725202826543"}}
{"logTime": "1013/234410", "correlationVector":"2AzxxhT5DOilTneegXeO28.143","action":"GetUpdates", "result":"DeleteReceived", "context":{"id":"4b52ea94-6958-4924-a8f8-5453af20848b", "isDeleted:":"true", "version":"1725202826544"}}
{"logTime": "1013/234410", "correlationVector":"2AzxxhT5DOilTneegXeO28.144","action":"GetUpdates", "result":"DeleteReceived", "context":{"id":"dc5a0df6-c37e-48ee-b896-013dc7df28d1", "isDeleted:":"true", "version":"1725202826545"}}
{"logTime": "1013/234410", "correlationVector":"2AzxxhT5DOilTneegXeO28.145","action":"GetUpdates", "result":"DeleteReceived", "context":{"id":"13bee99d-9570-42ba-ae50-d2e7ad574943", "isDeleted:":"true", "version":"1725202826547"}}
{"logTime": "1013/234410", "correlationVector":"2AzxxhT5DOilTneegXeO28.146","action":"GetUpdates", "result":"DeleteReceived", "context":{"id":"d63a464a-6eee-48c0-8ef8-c282f1f3df99", "isDeleted:":"true", "version":"1725202826548"}}
{"logTime": "1013/234410", "correlationVector":"2AzxxhT5DOilTneegXeO28.147","action":"GetUpdates", "result":"DeleteReceived", "context":{"id":"3ca112bd-1545-49a6-ac8e-4c747c879646", "isDeleted:":"true", "version":"1725202826549"}}
{"logTime": "1013/234410", "correlationVector":"2AzxxhT5DOilTneegXeO28.148","action":"GetUpdates", "result":"DeleteReceived", "context":{"id":"4ef97047-97a8-4dfa-b121-441c13376b2a", "isDeleted:":"true", "version":"1725202826550"}}
{"logTime": "1013/234410", "correlationVector":"2AzxxhT5DOilTneegXeO28.149","action":"GetUpdates", "result":"DeleteReceived", "context":{"id":"0cc780fa-65cb-48c6-87f1-948575708d63", "isDeleted:":"true", "version":"1725202826551"}}
{"logTime": "1013/234410", "correlationVector":"2AzxxhT5DOilTneegXeO28.150","action":"GetUpdates", "result":"DeleteReceived", "context":{"id":"ae175fe0-c255-4f84-bc33-ac032cf914cd", "isDeleted:":"true", "version":"1725202826552"}}
{"logTime": "1013/234410", "correlationVector":"2AzxxhT5DOilTneegXeO28.151","action":"GetUpdates", "result":"DeleteReceived", "context":{"id":"e9aa5cac-ef1e-4bfc-ae2b-0892017f0469", "isDeleted:":"true", "version":"1725202826553"}}
{"logTime": "1013/234410", "correlationVector":"2AzxxhT5DOilTneegXeO28.152","action":"GetUpdates", "result":"DeleteReceived", "context":{"id":"85b9fbb3-e3ba-4859-b234-d47ca9c4458a", "isDeleted:":"true", "version":"1725204310602"}}
{"logTime": "1013/234410", "correlationVector":"2AzxxhT5DOilTneegXeO28.153","action":"GetUpdates", "result":"DeleteReceived", "context":{"id":"50b87a12-7eda-495f-9ebb-843aa9789864", "isDeleted:":"true", "version":"1725206638685"}}
{"logTime": "1013/234410", "correlationVector":"2AzxxhT5DOilTneegXeO28.154","action":"GetUpdates", "result":"DeleteReceived", "context":{"id":"0369680a-1e7f-4f50-ac35-4c659aa24aa7", "isDeleted:":"true", "version":"1725206726771"}}
{"logTime": "1013/234410", "correlationVector":"2AzxxhT5DOilTneegXeO28.155","action":"GetUpdates", "result":"DeleteReceived", "context":{"id":"137c6417-6fba-49b6-962d-d05fa472fbcf", "isDeleted:":"true", "version":"1725206726772"}}
{"logTime": "1013/234410", "correlationVector":"2AzxxhT5DOilTneegXeO28.156","action":"GetUpdates", "result":"DeleteReceived", "context":{"id":"7b010fa2-fd23-4030-a82c-aa1c618d1697", "isDeleted:":"true", "version":"1725207288769"}}
{"logTime": "1013/234410", "correlationVector":"2AzxxhT5DOilTneegXeO28.157","action":"GetUpdates", "result":"DeleteReceived", "context":{"id":"7fb2b968-aa1d-4575-ac15-d72f6d566b12", "isDeleted:":"true", "version":"1725207288770"}}
{"logTime": "1013/234410", "correlationVector":"2AzxxhT5DOilTneegXeO28.158","action":"GetUpdates", "result":"DeleteReceived", "context":{"id":"529837b2-2812-4f8a-8f6a-f8cd13f98f9a", "isDeleted:":"true", "version":"1725208178154"}}
{"logTime": "1013/234410", "correlationVector":"2AzxxhT5DOilTneegXeO28.159","action":"GetUpdates", "result":"DeleteReceived", "context":{"id":"1f4b8ab4-e842-43bc-b3aa-05e6fa383cf6", "isDeleted:":"true", "version":"1725208178156"}}
{"logTime": "1013/234410", "correlationVector":"2AzxxhT5DOilTneegXeO28.160","action":"GetUpdates", "result":"DeleteReceived", "context":{"id":"2cc98264-9661-4ad1-ad4b-8720e0a88e75", "isDeleted:":"true", "version":"1725208301651"}}
{"logTime": "1013/234410", "correlationVector":"2AzxxhT5DOilTneegXeO28.161","action":"GetUpdates", "result":"DeleteReceived", "context":{"id":"3120c109-f190-4117-a9ef-0bb76b30ac85", "isDeleted:":"true", "version":"1725208301653"}}
{"logTime": "1013/234410", "correlationVector":"2AzxxhT5DOilTneegXeO28.162","action":"GetUpdates", "result":"DeleteReceived", "context":{"id":"c9efd09c-1d86-4f56-8757-5f6f6968044c", "isDeleted:":"true", "version":"1725208301655"}}
{"logTime": "1013/234410", "correlationVector":"2AzxxhT5DOilTneegXeO28.163","action":"GetUpdates", "result":"DeleteReceived", "context":{"id":"4811ce13-85f6-49ed-93ce-d4e85181d30b", "isDeleted:":"true", "version":"1725208301657"}}
{"logTime": "1013/234410", "correlationVector":"2AzxxhT5DOilTneegXeO28.164","action":"GetUpdates", "result":"DeleteReceived", "context":{"id":"24df54e0-f60c-4c8d-acc7-77e63660fad3", "isDeleted:":"true", "version":"1725208301658"}}
{"logTime": "1013/234410", "correlationVector":"2AzxxhT5DOilTneegXeO28.165","action":"GetUpdates", "result":"DeleteReceived", "context":{"id":"7529f98a-ea55-4a83-9d11-ad4eb94cc83d", "isDeleted:":"true", "version":"1725208388468"}}
{"logTime": "1013/234410", "correlationVector":"2AzxxhT5DOilTneegXeO28.166","action":"GetUpdates", "result":"DeleteReceived", "context":{"id":"aa3d3317-0429-4b29-9de5-b0bdfb84fd64", "isDeleted:":"true", "version":"1725208979850"}}
{"logTime": "1013/234410", "correlationVector":"2AzxxhT5DOilTneegXeO28.167","action":"GetUpdates", "result":"DeleteReceived", "context":{"id":"6e000465-33cc-41fc-b3ef-07eda6aa80dc", "isDeleted:":"true", "version":"1725208979851"}}
{"logTime": "1013/234410", "correlationVector":"2AzxxhT5DOilTneegXeO28.168","action":"GetUpdates", "result":"DeleteReceived", "context":{"id":"38f0065c-9196-479f-ac46-aed2b3f889b6", "isDeleted:":"true", "version":"1725208979852"}}
{"logTime": "1013/234410", "correlationVector":"2AzxxhT5DOilTneegXeO28.169","action":"GetUpdates", "result":"DeleteReceived", "context":{"id":"9310088e-7b27-450f-97fc-ca403be49808", "isDeleted:":"true", "version":"1725208979853"}}
{"logTime": "1013/234410", "correlationVector":"2AzxxhT5DOilTneegXeO28.170","action":"GetUpdates", "result":"DeleteReceived", "context":{"id":"c47438c4-a184-4605-9bc4-caf4a1591348", "isDeleted:":"true", "version":"1725208979854"}}
{"logTime": "1013/234410", "correlationVector":"2AzxxhT5DOilTneegXeO28.171","action":"GetUpdates", "result":"DeleteReceived", "context":{"id":"d7186b04-9112-4096-a719-d61ccc5446a3", "isDeleted:":"true", "version":"1725208979855"}}
{"logTime": "1013/234410", "correlationVector":"2AzxxhT5DOilTneegXeO28.172","action":"GetUpdates", "result":"DeleteReceived", "context":{"id":"6fb71ab5-13ba-4f8b-a2a7-35d2c36e098e", "isDeleted:":"true", "version":"1725208979857"}}
{"logTime": "1013/234410", "correlationVector":"2AzxxhT5DOilTneegXeO28.173","action":"GetUpdates", "result":"DeleteReceived", "context":{"id":"adeb4ac2-384e-41b4-bdb0-ee2f475a5d10", "isDeleted:":"true", "version":"1725208979858"}}
{"logTime": "1013/234410", "correlationVector":"2AzxxhT5DOilTneegXeO28.174","action":"GetUpdates", "result":"DeleteReceived", "context":{"id":"a7c35775-7dc4-43c9-a095-2966d788e2eb", "isDeleted:":"true", "version":"1725212125311"}}
{"logTime": "1013/234410", "correlationVector":"2AzxxhT5DOilTneegXeO28.175","action":"GetUpdates", "result":"DeleteReceived", "context":{"id":"1efadf04-4284-40ee-ae68-91ad05c6193d", "isDeleted:":"true", "version":"1725212161330"}}
{"logTime": "1013/234410", "correlationVector":"2AzxxhT5DOilTneegXeO28.176","action":"GetUpdates", "result":"DeleteReceived", "context":{"id":"73996947-8395-4aa2-b21a-2c3c0bd07dc0", "isDeleted:":"true", "version":"1725212161331"}}
{"logTime": "1013/234410", "correlationVector":"2AzxxhT5DOilTneegXeO28.177","action":"GetUpdates", "result":"DeleteReceived", "context":{"id":"1a7eaf6a-4a54-47b5-a9b4-9ea58761ad91", "isDeleted:":"true", "version":"1725212433407"}}
{"logTime": "1013/234410", "correlationVector":"2AzxxhT5DOilTneegXeO28.178","action":"GetUpdates", "result":"DeleteReceived", "context":{"id":"75bd7528-bfd8-4446-b031-2bbcb9fec8e7", "isDeleted:":"true", "version":"1725212433408"}}
{"logTime": "1013/234410", "correlationVector":"2AzxxhT5DOilTneegXeO28.179","action":"GetUpdates", "result":"DeleteReceived", "context":{"id":"5de7e456-e97a-4a58-b32f-13d2f0956648", "isDeleted:":"true", "version":"1725212433409"}}
{"logTime": "1013/234410", "correlationVector":"2AzxxhT5DOilTneegXeO28.180","action":"GetUpdates", "result":"DeleteReceived", "context":{"id":"868ccbff-e768-47de-9494-c6956ec6b4f7", "isDeleted:":"true", "version":"1725212433410"}}
{"logTime": "1013/234410", "correlationVector":"2AzxxhT5DOilTneegXeO28.181","action":"GetUpdates", "result":"DeleteReceived", "context":{"id":"ca20ca34-8349-4e22-beaf-3ee587c83cc1", "isDeleted:":"true", "version":"1725212470106"}}
{"logTime": "1013/234410", "correlationVector":"2AzxxhT5DOilTneegXeO28.182","action":"GetUpdates", "result":"DeleteReceived", "context":{"id":"722a8f38-99a5-4646-adaa-15bf905c9c25", "isDeleted:":"true", "version":"1725213380540"}}
{"logTime": "1013/234410", "correlationVector":"2AzxxhT5DOilTneegXeO28.183","action":"GetUpdates", "result":"DeleteReceived", "context":{"id":"afb375e8-d6fd-41f4-8fb2-ffc9b2ed89bc", "isDeleted:":"true", "version":"1725213380541"}}
{"logTime": "1013/234410", "correlationVector":"2AzxxhT5DOilTneegXeO28.184","action":"GetUpdates", "result":"DeleteReceived", "context":{"id":"2704f472-878d-4bf2-9bda-520138d387a1", "isDeleted:":"true", "version":"1725213380542"}}
{"logTime": "1013/234410", "correlationVector":"2AzxxhT5DOilTneegXeO28.185","action":"GetUpdates", "result":"DeleteReceived", "context":{"id":"6126f50c-bcd1-4f1c-a796-e2bb8685e7e9", "isDeleted:":"true", "version":"1725213380543"}}
{"logTime": "1013/234410", "correlationVector":"2AzxxhT5DOilTneegXeO28.186","action":"GetUpdates", "result":"DeleteReceived", "context":{"id":"71d3ec11-681e-4442-a9db-70b07709280d", "isDeleted:":"true", "version":"1725213380545"}}
{"logTime": "1013/234410", "correlationVector":"2AzxxhT5DOilTneegXeO28.187","action":"GetUpdates", "result":"DeleteReceived", "context":{"id":"48234c3d-e620-4e50-9bca-5d5866136459", "isDeleted:":"true", "version":"1725213380546"}}
{"logTime": "1013/234410", "correlationVector":"2AzxxhT5DOilTneegXeO28.188","action":"GetUpdates", "result":"DeleteReceived", "context":{"id":"05da7df5-62fb-4f6d-9f90-bae1bc13c5f8", "isDeleted:":"true", "version":"1725214511108"}}
{"logTime": "1013/234410", "correlationVector":"2AzxxhT5DOilTneegXeO28.189","action":"GetUpdates", "result":"DeleteReceived", "context":{"id":"38f37a22-23a7-4967-adf4-68b9d871a601", "isDeleted:":"true", "version":"1725219330259"}}
{"logTime": "1013/234410", "correlationVector":"2AzxxhT5DOilTneegXeO28.190","action":"GetUpdates", "result":"DeleteReceived", "context":{"id":"47ccd9ef-859f-46d4-a6f3-fdb709759d54", "isDeleted:":"true", "version":"1725219612538"}}
{"logTime": "1013/234410", "correlationVector":"2AzxxhT5DOilTneegXeO28.191","action":"GetUpdates", "result":"DeleteReceived", "context":{"id":"1bc3b20d-4c90-4fa1-b24e-e6516ed6ae00", "isDeleted:":"true", "version":"1725219612540"}}
{"logTime": "1013/234410", "correlationVector":"2AzxxhT5DOilTneegXeO28.192","action":"GetUpdates", "result":"DeleteReceived", "context":{"id":"d79104dd-094e-4150-8cc7-578d639d0b47", "isDeleted:":"true", "version":"1725219612541"}}
{"logTime": "1013/234410", "correlationVector":"2AzxxhT5DOilTneegXeO28.193","action":"GetUpdates", "result":"DeleteReceived", "context":{"id":"c0674cb0-9aa3-4ff0-833f-7d6b4b1b1d5a", "isDeleted:":"true", "version":"1725219884789"}}
{"logTime": "1013/234410", "correlationVector":"2AzxxhT5DOilTneegXeO28.194","action":"GetUpdates", "result":"DeleteReceived", "context":{"id":"1f82350d-e445-4dec-b98e-a9cec8b4fab5", "isDeleted:":"true", "version":"1725220693156"}}
{"logTime": "1013/234410", "correlationVector":"2AzxxhT5DOilTneegXeO28.195","action":"GetUpdates", "result":"DeleteReceived", "context":{"id":"9ef37ccf-e6db-497f-9c39-cb19e935a9e0", "isDeleted:":"true", "version":"1725220693157"}}
{"logTime": "1013/234410", "correlationVector":"2AzxxhT5DOilTneegXeO28.196","action":"GetUpdates", "result":"DeleteReceived", "context":{"id":"a6016a3c-e74e-44b6-ba86-34200d81631d", "isDeleted:":"true", "version":"1725220693158"}}
{"logTime": "1013/234410", "correlationVector":"2AzxxhT5DOilTneegXeO28.197","action":"GetUpdates", "result":"DeleteReceived", "context":{"id":"de5e7bee-eb4a-4104-a371-e132aa713fd9", "isDeleted:":"true", "version":"1725221982508"}}
{"logTime": "1013/234410", "correlationVector":"2AzxxhT5DOilTneegXeO28.198","action":"GetUpdates", "result":"DeleteReceived", "context":{"id":"faeb4c83-1d77-43bd-9aa3-3a5720bfca13", "isDeleted:":"true", "version":"1725222286490"}}
{"logTime": "1013/234410", "correlationVector":"2AzxxhT5DOilTneegXeO28.199","action":"GetUpdates", "result":"DeleteReceived", "context":{"id":"630232d0-06cf-44fa-8d27-036891cdedd5", "isDeleted:":"true", "version":"1725222286491"}}
{"logTime": "1013/234410", "correlationVector":"2AzxxhT5DOilTneegXeO28.200","action":"GetUpdates", "result":"DeleteReceived", "context":{"id":"318e3a37-9dd1-4f38-9177-ab0313d67d9c", "isDeleted:":"true", "version":"1725222286492"}}
{"logTime": "1013/234410", "correlationVector":"2AzxxhT5DOilTneegXeO28.201","action":"GetUpdates", "result":"DeleteReceived", "context":{"id":"60688b6c-787d-4f38-8774-ba8f5ee3e541", "isDeleted:":"true", "version":"1725222286493"}}
{"logTime": "1013/234410", "correlationVector":"2AzxxhT5DOilTneegXeO28.202","action":"GetUpdates", "result":"DeleteReceived", "context":{"id":"04701401-3d7e-4431-b34f-3b47130e4fc6", "isDeleted:":"true", "version":"1725222286494"}}
{"logTime": "1013/234410", "correlationVector":"2AzxxhT5DOilTneegXeO28.203","action":"GetUpdates", "result":"DeleteReceived", "context":{"id":"0eeb3cb0-8ce7-4b34-9a6f-128eb00d8200", "isDeleted:":"true", "version":"1725222286495"}}
{"logTime": "1013/234410", "correlationVector":"2AzxxhT5DOilTneegXeO28.204","action":"GetUpdates", "result":"DeleteReceived", "context":{"id":"e960737b-54c0-4e52-b5f8-eaa8d4bbc268", "isDeleted:":"true", "version":"1725222286496"}}
{"logTime": "1013/234410", "correlationVector":"2AzxxhT5DOilTneegXeO28.205","action":"GetUpdates", "result":"DeleteReceived", "context":{"id":"29c13f80-a326-4aeb-972f-eec630e5fcad", "isDeleted:":"true", "version":"1725222286497"}}
{"logTime": "1013/234410", "correlationVector":"2AzxxhT5DOilTneegXeO28.206","action":"GetUpdates", "result":"DeleteReceived", "context":{"id":"e75d2125-9b4b-47a7-8f76-8ac7b341b21b", "isDeleted:":"true", "version":"1725222286498"}}
{"logTime": "1013/234410", "correlationVector":"2AzxxhT5DOilTneegXeO28.207","action":"GetUpdates", "result":"DeleteReceived", "context":{"id":"00d11331-9f02-4b67-a88f-6154f854803e", "isDeleted:":"true", "version":"1725222286499"}}
{"logTime": "1013/234410", "correlationVector":"2AzxxhT5DOilTneegXeO28.208","action":"GetUpdates", "result":"DeleteReceived", "context":{"id":"25a448f2-89da-4d52-91fe-e49bf68180e2", "isDeleted:":"true", "version":"1725222286500"}}
{"logTime": "1013/234410", "correlationVector":"2AzxxhT5DOilTneegXeO28.209","action":"GetUpdates", "result":"DeleteReceived", "context":{"id":"692a65b5-6135-4ebe-b7d8-e5ab6cd5d8c0", "isDeleted:":"true", "version":"1725222286501"}}
{"logTime": "1013/234410", "correlationVector":"2AzxxhT5DOilTneegXeO28.210","action":"GetUpdates", "result":"DeleteReceived", "context":{"id":"4085c7bb-869a-4b4d-b8ef-36f6a54bbf2e", "isDeleted:":"true", "version":"1725222286502"}}
{"logTime": "1013/234410", "correlationVector":"2AzxxhT5DOilTneegXeO28.211","action":"GetUpdates", "result":"DeleteReceived", "context":{"id":"b7bcd1b7-cbc7-498e-9d92-3079788d9431", "isDeleted:":"true", "version":"1725260663874"}}
{"logTime": "1013/234410", "correlationVector":"2AzxxhT5DOilTneegXeO28.212","action":"GetUpdates", "result":"DeleteReceived", "context":{"id":"8212d291-3183-4266-be59-78990424d092", "isDeleted:":"true", "version":"1725260663875"}}
{"logTime": "1013/234410", "correlationVector":"2AzxxhT5DOilTneegXeO28.213","action":"GetUpdates", "result":"DeleteReceived", "context":{"id":"8001f5fa-9dc0-4f8c-b1cc-1fd536a21cb2", "isDeleted:":"true", "version":"1725260663876"}}
{"logTime": "1013/234410", "correlationVector":"2AzxxhT5DOilTneegXeO28.214","action":"GetUpdates", "result":"DeleteReceived", "context":{"id":"8312bf86-c1fb-4558-89ed-ecfd31c2656a", "isDeleted:":"true", "version":"1725260663877"}}
{"logTime": "1013/234410", "correlationVector":"2AzxxhT5DOilTneegXeO28.215","action":"GetUpdates", "result":"DeleteReceived", "context":{"id":"f0162d83-e2e2-4406-aca1-00e66cf04ef0", "isDeleted:":"true", "version":"1725260663878"}}
{"logTime": "1013/234410", "correlationVector":"2AzxxhT5DOilTneegXeO28.216","action":"GetUpdates", "result":"DeleteReceived", "context":{"id":"fa8ee979-893a-443c-a921-c8f31f4d296c", "isDeleted:":"true", "version":"1725260663879"}}
{"logTime": "1013/234410", "correlationVector":"2AzxxhT5DOilTneegXeO28.217","action":"GetUpdates", "result":"DeleteReceived", "context":{"id":"cc82941e-618c-4193-8aba-bd46306e4080", "isDeleted:":"true", "version":"1725260663880"}}
{"logTime": "1013/234410", "correlationVector":"2AzxxhT5DOilTneegXeO28.218","action":"GetUpdates", "result":"DeleteReceived", "context":{"id":"16bf87cf-0c47-4b7e-bebd-62f48276658c", "isDeleted:":"true", "version":"1725260663881"}}
{"logTime": "1013/234410", "correlationVector":"2AzxxhT5DOilTneegXeO28.219","action":"GetUpdates", "result":"DeleteReceived", "context":{"id":"f8e804ba-f290-4f1d-9531-661d6d168f8c", "isDeleted:":"true", "version":"1725260663882"}}
{"logTime": "1013/234410", "correlationVector":"2AzxxhT5DOilTneegXeO28.220","action":"GetUpdates", "result":"DeleteReceived", "context":{"id":"9ef47ea6-d35c-4f4e-a8d5-793bea9c27a8", "isDeleted:":"true", "version":"1725260663883"}}
{"logTime": "1013/234410", "correlationVector":"2AzxxhT5DOilTneegXeO28.221","action":"GetUpdates", "result":"DeleteReceived", "context":{"id":"e5ade191-6886-41f7-9179-7c3b9e785992", "isDeleted:":"true", "version":"1725260663884"}}
{"logTime": "1013/234410", "correlationVector":"2AzxxhT5DOilTneegXeO28.222","action":"GetUpdates", "result":"DeleteReceived", "context":{"id":"46af42af-85f3-4e0e-9cd9-81343f13c628", "isDeleted:":"true", "version":"1725260663885"}}
{"logTime": "1013/234410", "correlationVector":"2AzxxhT5DOilTneegXeO28.223","action":"GetUpdates Response", "result":"Success", "context":Received 250 update(s). cV=2AzxxhT5DOilTneegXeO28.0;server=GENERAL0100000Z;cloudType=Consumer;environment=Prod_SoutheastAsia_000j;migrationStage=NotStarted Some updates remain.}
{"logTime": "1013/234410", "correlationVector":"46tCwr27CysO005hR3I9q9","action":"Initial GetUpdates", "result":"", "context":Reason: NEWLY_SUPPORTED_DATATYPE. cV=46tCwr27CysO005hR3I9q9}
{"logTime": "1013/234411", "correlationVector":"46tCwr27CysO005hR3I9q9.1","action":"SyncServerConnectionManagerRequest", "result":"SYNC_SERVER_OK", "context":{"environment":"Prod_SoutheastAsia_000j", "migrationStage":"NotStarted", "server":"GENERAL0300000D"}}
{"logTime": "1013/234411", "correlationVector":"46tCwr27CysO005hR3I9q9.2","action":"GetUpdates", "result":"DeleteReceived", "context":{"id":"afaf61ab-a571-4b23-a327-b45161e9ea18", "isDeleted:":"true", "version":"1727116962254"}}
{"logTime": "1013/234411", "correlationVector":"46tCwr27CysO005hR3I9q9.3","action":"GetUpdates", "result":"DeleteReceived", "context":{"id":"da380c25-c138-448f-99e3-c6cacbc40296", "isDeleted:":"true", "version":"1727116962255"}}
{"logTime": "1013/234411", "correlationVector":"46tCwr27CysO005hR3I9q9.4","action":"GetUpdates", "result":"DeleteReceived", "context":{"id":"e3517616-528b-494a-8a51-13c6459d4b1a", "isDeleted:":"true", "version":"1727116962256"}}
{"logTime": "1013/234411", "correlationVector":"46tCwr27CysO005hR3I9q9.5","action":"GetUpdates", "result":"DeleteReceived", "context":{"id":"a6acb288-e26d-4431-89e5-df1cfd878929", "isDeleted:":"true", "version":"1727116962257"}}
{"logTime": "1013/234411", "correlationVector":"46tCwr27CysO005hR3I9q9.6","action":"GetUpdates", "result":"DeleteReceived", "context":{"id":"7d3ce9d5-4486-4663-a9c0-52d53848f82c", "isDeleted:":"true", "version":"1727116962258"}}
{"logTime": "1013/234411", "correlationVector":"46tCwr27CysO005hR3I9q9.7","action":"GetUpdates", "result":"DeleteReceived", "context":{"id":"6f7c717c-731b-4e4c-9d35-41927248cd56", "isDeleted:":"true", "version":"1727116962259"}}
{"logTime": "1013/234411", "correlationVector":"46tCwr27CysO005hR3I9q9.8","action":"GetUpdates", "result":"DeleteReceived", "context":{"id":"4fcf4ef4-e5ab-4dd6-b8cb-5f1ef656737c", "isDeleted:":"true", "version":"1727116962260"}}
{"logTime": "1013/234411", "correlationVector":"46tCwr27CysO005hR3I9q9.9","action":"GetUpdates", "result":"DeleteReceived", "context":{"id":"c85b7fe2-039b-418d-93e9-d9141c663409", "isDeleted:":"true", "version":"1727116962261"}}
{"logTime": "1013/234411", "correlationVector":"46tCwr27CysO005hR3I9q9.10","action":"GetUpdates", "result":"DeleteReceived", "context":{"id":"c0533701-38f5-4220-93b7-a772fe59d7ac", "isDeleted:":"true", "version":"1727116962262"}}
{"logTime": "1013/234411", "correlationVector":"46tCwr27CysO005hR3I9q9.11","action":"GetUpdates", "result":"DeleteReceived", "context":{"id":"0a83fec6-b16e-4773-8c92-318e566fa9e3", "isDeleted:":"true", "version":"1727116962263"}}
{"logTime": "1013/234411", "correlationVector":"46tCwr27CysO005hR3I9q9.12","action":"GetUpdates", "result":"DeleteReceived", "context":{"id":"61c18583-3eed-419a-88f2-37223bdcc832", "isDeleted:":"true", "version":"1725260663886"}}
{"logTime": "1013/234411", "correlationVector":"46tCwr27CysO005hR3I9q9.13","action":"GetUpdates", "result":"DeleteReceived", "context":{"id":"83899535-ab0e-4dc9-b1e2-702cd2c8af07", "isDeleted:":"true", "version":"1725260663887"}}
{"logTime": "1013/234411", "correlationVector":"46tCwr27CysO005hR3I9q9.14","action":"GetUpdates", "result":"DeleteReceived", "context":{"id":"b1cedb11-cd77-42dc-9652-471222347632", "isDeleted:":"true", "version":"1725260663888"}}
{"logTime": "1013/234411", "correlationVector":"46tCwr27CysO005hR3I9q9.15","action":"GetUpdates", "result":"DeleteReceived", "context":{"id":"6a719285-2772-4815-a214-f7ec9ebde936", "isDeleted:":"true", "version":"1725260663889"}}
{"logTime": "1013/234411", "correlationVector":"46tCwr27CysO005hR3I9q9.16","action":"GetUpdates", "result":"DeleteReceived", "context":{"id":"be182a12-dcd1-4c0e-985a-de8057683778", "isDeleted:":"true", "version":"1725260663890"}}
{"logTime": "1013/234411", "correlationVector":"46tCwr27CysO005hR3I9q9.17","action":"GetUpdates", "result":"DeleteReceived", "context":{"id":"9da6e630-0fa5-43fc-b9b7-a79c1c4dc57e", "isDeleted:":"true", "version":"1725260663891"}}
{"logTime": "1013/234411", "correlationVector":"46tCwr27CysO005hR3I9q9.18","action":"GetUpdates", "result":"DeleteReceived", "context":{"id":"52c8ab03-9e05-4691-9384-f6cb556f4410", "isDeleted:":"true", "version":"1725260663892"}}
{"logTime": "1013/234411", "correlationVector":"46tCwr27CysO005hR3I9q9.19","action":"GetUpdates", "result":"DeleteReceived", "context":{"id":"311d8cc2-d6d2-49e0-b56b-8a6b492de4d4", "isDeleted:":"true", "version":"1725260663893"}}
{"logTime": "1013/234411", "correlationVector":"46tCwr27CysO005hR3I9q9.20","action":"GetUpdates", "result":"DeleteReceived", "context":{"id":"c1269992-75d2-4e1e-b663-051aa21b5a16", "isDeleted:":"true", "version":"1725260663894"}}
{"logTime": "1013/234411", "correlationVector":"46tCwr27CysO005hR3I9q9.21","action":"GetUpdates", "result":"DeleteReceived", "context":{"id":"685063f4-85a3-447c-bb80-804823e45657", "isDeleted:":"true", "version":"1725296602407"}}
{"logTime": "1013/234411", "correlationVector":"46tCwr27CysO005hR3I9q9.22","action":"GetUpdates", "result":"DeleteReceived", "context":{"id":"0c78ed14-982d-4620-a81f-17d2f751fc3b", "isDeleted:":"true", "version":"1725299232296"}}
{"logTime": "1013/234411", "correlationVector":"46tCwr27CysO005hR3I9q9.23","action":"GetUpdates", "result":"DeleteReceived", "context":{"id":"b7928209-09d2-4262-8ac5-3f451c6a8b89", "isDeleted:":"true", "version":"1725300894519"}}
{"logTime": "1013/234411", "correlationVector":"46tCwr27CysO005hR3I9q9.24","action":"GetUpdates", "result":"DeleteReceived", "context":{"id":"b5496f1b-d758-406e-9164-8f69c5ca519a", "isDeleted:":"true", "version":"1725300894520"}}
{"logTime": "1013/234411", "correlationVector":"46tCwr27CysO005hR3I9q9.25","action":"GetUpdates", "result":"DeleteReceived", "context":{"id":"cf908247-cb10-49d9-946b-5815224bcfbd", "isDeleted:":"true", "version":"1725300894524"}}
{"logTime": "1013/234411", "correlationVector":"46tCwr27CysO005hR3I9q9.26","action":"GetUpdates", "result":"DeleteReceived", "context":{"id":"de3c42a0-b138-4422-a770-63d429aa465c", "isDeleted:":"true", "version":"1725301117213"}}
{"logTime": "1013/234411", "correlationVector":"46tCwr27CysO005hR3I9q9.27","action":"GetUpdates", "result":"DeleteReceived", "context":{"id":"b4ea364d-dfa3-4109-8803-8a0f90be77f0", "isDeleted:":"true", "version":"1725301117215"}}
{"logTime": "1013/234411", "correlationVector":"46tCwr27CysO005hR3I9q9.28","action":"GetUpdates", "result":"DeleteReceived", "context":{"id":"1a77a40c-266d-4102-800a-3c80dc563fa3", "isDeleted:":"true", "version":"1725304041979"}}
{"logTime": "1013/234411", "correlationVector":"46tCwr27CysO005hR3I9q9.29","action":"GetUpdates", "result":"DeleteReceived", "context":{"id":"478fa6cf-85df-4488-b1bb-141edb05fc97", "isDeleted:":"true", "version":"1725304041980"}}
{"logTime": "1013/234411", "correlationVector":"46tCwr27CysO005hR3I9q9.30","action":"GetUpdates", "result":"DeleteReceived", "context":{"id":"53eb107f-02b0-4136-8c78-a1085bb587e3", "isDeleted:":"true", "version":"1725304041983"}}
{"logTime": "1013/234411", "correlationVector":"46tCwr27CysO005hR3I9q9.31","action":"GetUpdates", "result":"DeleteReceived", "context":{"id":"351d5f48-42d8-4732-91b8-a30e1b434df5", "isDeleted:":"true", "version":"1725374055096"}}
{"logTime": "1013/234411", "correlationVector":"46tCwr27CysO005hR3I9q9.32","action":"GetUpdates", "result":"DeleteReceived", "context":{"id":"9ac9c266-37d6-453e-9374-67750d856765", "isDeleted:":"true", "version":"1725376171951"}}
{"logTime": "1013/234411", "correlationVector":"46tCwr27CysO005hR3I9q9.33","action":"GetUpdates", "result":"DeleteReceived", "context":{"id":"7c2bf0f2-681b-43aa-a7a4-610b4a0a837b", "isDeleted:":"true", "version":"1725390726349"}}
{"logTime": "1013/234411", "correlationVector":"46tCwr27CysO005hR3I9q9.34","action":"GetUpdates", "result":"DeleteReceived", "context":{"id":"2cf650dc-c178-4bb3-ae9b-53731d9647b0", "isDeleted:":"true", "version":"1725394924958"}}
{"logTime": "1013/234411", "correlationVector":"46tCwr27CysO005hR3I9q9.35","action":"GetUpdates", "result":"DeleteReceived", "context":{"id":"3cd6dbe2-ba0c-4512-8e9a-80b054e54042", "isDeleted:":"true", "version":"1725394924959"}}
{"logTime": "1013/234411", "correlationVector":"46tCwr27CysO005hR3I9q9.36","action":"GetUpdates", "result":"DeleteReceived", "context":{"id":"802bba42-e440-4cae-99ff-e0fc3d276f42", "isDeleted:":"true", "version":"1725394924962"}}
{"logTime": "1013/234411", "correlationVector":"46tCwr27CysO005hR3I9q9.37","action":"GetUpdates", "result":"DeleteReceived", "context":{"id":"3d13cea0-7faa-436f-95e1-cf4f5876d742", "isDeleted:":"true", "version":"1725405661364"}}
{"logTime": "1013/234411", "correlationVector":"46tCwr27CysO005hR3I9q9.38","action":"GetUpdates", "result":"DeleteReceived", "context":{"id":"bdb37814-47dd-40db-826c-bdb68d4e0238", "isDeleted:":"true", "version":"1725405661366"}}
{"logTime": "1013/234411", "correlationVector":"46tCwr27CysO005hR3I9q9.39","action":"GetUpdates", "result":"DeleteReceived", "context":{"id":"d667e1e9-55bf-4abb-bed3-55074da3343d", "isDeleted:":"true", "version":"1725405817826"}}
{"logTime": "1013/234411", "correlationVector":"46tCwr27CysO005hR3I9q9.40","action":"GetUpdates", "result":"DeleteReceived", "context":{"id":"34d7fbcf-5a97-449c-896f-9ca25218407b", "isDeleted:":"true", "version":"1725428899472"}}
{"logTime": "1013/234411", "correlationVector":"46tCwr27CysO005hR3I9q9.41","action":"GetUpdates", "result":"DeleteReceived", "context":{"id":"4d997312-7923-4548-a518-76a02264d44e", "isDeleted:":"true", "version":"1725428899473"}}
{"logTime": "1013/234411", "correlationVector":"46tCwr27CysO005hR3I9q9.42","action":"GetUpdates", "result":"DeleteReceived", "context":{"id":"c76e7486-0651-442b-8cdb-5906445ee6c2", "isDeleted:":"true", "version":"1725428899474"}}
{"logTime": "1013/234411", "correlationVector":"46tCwr27CysO005hR3I9q9.43","action":"GetUpdates", "result":"DeleteReceived", "context":{"id":"fa5f50e0-c1f1-4a47-9cdc-3ef43026fd60", "isDeleted:":"true", "version":"1725428899475"}}
{"logTime": "1013/234411", "correlationVector":"46tCwr27CysO005hR3I9q9.44","action":"GetUpdates", "result":"DeleteReceived", "context":{"id":"6dd85ee3-ccc0-4514-83ff-d55225543465", "isDeleted:":"true", "version":"1725428899476"}}
{"logTime": "1013/234411", "correlationVector":"46tCwr27CysO005hR3I9q9.45","action":"GetUpdates", "result":"DeleteReceived", "context":{"id":"2a511fe8-429f-4aff-beaa-c50877402bad", "isDeleted:":"true", "version":"1725428899477"}}
{"logTime": "1013/234411", "correlationVector":"46tCwr27CysO005hR3I9q9.46","action":"GetUpdates", "result":"DeleteReceived", "context":{"id":"a5fd2821-77c0-4201-bccd-38f44dbe89ba", "isDeleted:":"true", "version":"1725428899478"}}
{"logTime": "1013/234411", "correlationVector":"46tCwr27CysO005hR3I9q9.47","action":"GetUpdates", "result":"DeleteReceived", "context":{"id":"6244c70f-3316-4193-a95a-3bfe57303d58", "isDeleted:":"true", "version":"1725428899479"}}
{"logTime": "1013/234411", "correlationVector":"46tCwr27CysO005hR3I9q9.48","action":"GetUpdates", "result":"DeleteReceived", "context":{"id":"974a7d04-e1c0-4a0d-9211-df197391d6f5", "isDeleted:":"true", "version":"1725428899480"}}
{"logTime": "1013/234411", "correlationVector":"46tCwr27CysO005hR3I9q9.49","action":"GetUpdates", "result":"DeleteReceived", "context":{"id":"ee8878c9-77ee-4e45-8302-d27ad325be5a", "isDeleted:":"true", "version":"1725428899481"}}
{"logTime": "1013/234411", "correlationVector":"46tCwr27CysO005hR3I9q9.50","action":"GetUpdates", "result":"DeleteReceived", "context":{"id":"8432c8dc-2ef8-4dbc-aac7-f632672629de", "isDeleted:":"true", "version":"1725428899482"}}
{"logTime": "1013/234411", "correlationVector":"46tCwr27CysO005hR3I9q9.51","action":"GetUpdates", "result":"DeleteReceived", "context":{"id":"5bf41fb7-1a53-4201-b680-f98752e7df76", "isDeleted:":"true", "version":"1725428899483"}}
{"logTime": "1013/234411", "correlationVector":"46tCwr27CysO005hR3I9q9.52","action":"GetUpdates", "result":"DeleteReceived", "context":{"id":"a30eb65c-a515-4f68-a359-71ec07779b74", "isDeleted:":"true", "version":"1725428899484"}}
{"logTime": "1013/234411", "correlationVector":"46tCwr27CysO005hR3I9q9.53","action":"GetUpdates", "result":"DeleteReceived", "context":{"id":"6546d733-be6e-4cc3-a237-3cb58a946311", "isDeleted:":"true", "version":"1725428899485"}}
{"logTime": "1013/234411", "correlationVector":"46tCwr27CysO005hR3I9q9.54","action":"GetUpdates", "result":"DeleteReceived", "context":{"id":"3057800b-b64f-4b6a-b8bd-5c30b3ebbcf1", "isDeleted:":"true", "version":"1725428899486"}}
{"logTime": "1013/234411", "correlationVector":"46tCwr27CysO005hR3I9q9.55","action":"GetUpdates", "result":"DeleteReceived", "context":{"id":"fe7dba88-fe0e-4ebb-97a3-0eea818ecc12", "isDeleted:":"true", "version":"1725428899487"}}
{"logTime": "1013/234411", "correlationVector":"46tCwr27CysO005hR3I9q9.56","action":"GetUpdates", "result":"DeleteReceived", "context":{"id":"073f5aa9-b044-4d50-b79e-f27751ad4279", "isDeleted:":"true", "version":"1725428899488"}}
{"logTime": "1013/234411", "correlationVector":"46tCwr27CysO005hR3I9q9.57","action":"GetUpdates", "result":"DeleteReceived", "context":{"id":"b6463040-c2f6-4ea9-8b36-62f4e9609b0f", "isDeleted:":"true", "version":"1725428899489"}}
{"logTime": "1013/234411", "correlationVector":"46tCwr27CysO005hR3I9q9.58","action":"GetUpdates", "result":"DeleteReceived", "context":{"id":"7ddff520-3ac5-4ee7-bc49-731f9b414a23", "isDeleted:":"true", "version":"1725428899490"}}
{"logTime": "1013/234411", "correlationVector":"46tCwr27CysO005hR3I9q9.59","action":"GetUpdates", "result":"DeleteReceived", "context":{"id":"6e0411c6-affc-4816-97e0-7406107ecd57", "isDeleted:":"true", "version":"1725428899491"}}
{"logTime": "1013/234411", "correlationVector":"46tCwr27CysO005hR3I9q9.60","action":"GetUpdates", "result":"DeleteReceived", "context":{"id":"5bb3d730-e070-4467-9edc-0e99f0974e25", "isDeleted:":"true", "version":"1725428899492"}}
{"logTime": "1013/234411", "correlationVector":"46tCwr27CysO005hR3I9q9.61","action":"GetUpdates", "result":"DeleteReceived", "context":{"id":"af886f68-b79e-4336-bc91-f69b6ef48423", "isDeleted:":"true", "version":"1725428899493"}}
{"logTime": "1013/234411", "correlationVector":"46tCwr27CysO005hR3I9q9.62","action":"GetUpdates", "result":"DeleteReceived", "context":{"id":"b6a63f99-89ae-4eb7-8b52-839c074980fc", "isDeleted:":"true", "version":"1725432367737"}}
{"logTime": "1013/234411", "correlationVector":"46tCwr27CysO005hR3I9q9.63","action":"GetUpdates", "result":"DeleteReceived", "context":{"id":"2071dfe3-d5b9-4593-938d-eec3bd458409", "isDeleted:":"true", "version":"1725432367738"}}
{"logTime": "1013/234411", "correlationVector":"46tCwr27CysO005hR3I9q9.64","action":"GetUpdates", "result":"DeleteReceived", "context":{"id":"f10fea5f-1761-4a50-8336-1b582722acdf", "isDeleted:":"true", "version":"1725432367739"}}
{"logTime": "1013/234411", "correlationVector":"46tCwr27CysO005hR3I9q9.65","action":"GetUpdates", "result":"DeleteReceived", "context":{"id":"88f92af9-5785-4d57-aa62-79f9f5605023", "isDeleted:":"true", "version":"1725439919803"}}
{"logTime": "1013/234411", "correlationVector":"46tCwr27CysO005hR3I9q9.66","action":"GetUpdates", "result":"DeleteReceived", "context":{"id":"c5afc065-38e7-43c7-b23e-4051adee0b05", "isDeleted:":"true", "version":"1725442091629"}}
{"logTime": "1013/234411", "correlationVector":"46tCwr27CysO005hR3I9q9.67","action":"GetUpdates", "result":"DeleteReceived", "context":{"id":"b4ffa857-7635-4064-8171-c226646db006", "isDeleted:":"true", "version":"1725442091630"}}
{"logTime": "1013/234411", "correlationVector":"46tCwr27CysO005hR3I9q9.68","action":"GetUpdates", "result":"DeleteReceived", "context":{"id":"30d7fdd1-a3f2-4689-bf30-d3e8bd896983", "isDeleted:":"true", "version":"1725442091633"}}
{"logTime": "1013/234411", "correlationVector":"46tCwr27CysO005hR3I9q9.69","action":"GetUpdates", "result":"DeleteReceived", "context":{"id":"9d9b597f-e19d-4eb0-9fd7-b43c3dc5e198", "isDeleted:":"true", "version":"1725442091634"}}
{"logTime": "1013/234411", "correlationVector":"46tCwr27CysO005hR3I9q9.70","action":"GetUpdates", "result":"DeleteReceived", "context":{"id":"7463c5c1-f6bf-46bf-84a9-8ae105b7eda2", "isDeleted:":"true", "version":"1725442091635"}}
{"logTime": "1013/234411", "correlationVector":"46tCwr27CysO005hR3I9q9.71","action":"GetUpdates", "result":"DeleteReceived", "context":{"id":"d58bb9a7-1521-4008-b655-aebb2a1b973e", "isDeleted:":"true", "version":"1725442091636"}}
{"logTime": "1013/234411", "correlationVector":"46tCwr27CysO005hR3I9q9.72","action":"GetUpdates", "result":"DeleteReceived", "context":{"id":"566c5d54-1286-4ea2-b733-4ed03c2c3d2e", "isDeleted:":"true", "version":"1725479737197"}}
{"logTime": "1013/234411", "correlationVector":"46tCwr27CysO005hR3I9q9.73","action":"GetUpdates", "result":"DeleteReceived", "context":{"id":"961b6764-b0c7-4ba6-8047-fdbf51059a9d", "isDeleted:":"true", "version":"1725484608071"}}
{"logTime": "1013/234411", "correlationVector":"46tCwr27CysO005hR3I9q9.74","action":"GetUpdates", "result":"DeleteReceived", "context":{"id":"734c4a24-024b-49bf-b0c9-12dd2f96156d", "isDeleted:":"true", "version":"1725484608073"}}
{"logTime": "1013/234411", "correlationVector":"46tCwr27CysO005hR3I9q9.75","action":"GetUpdates", "result":"DeleteReceived", "context":{"id":"24079ec3-2828-415f-94b1-898bfd945ba8", "isDeleted:":"true", "version":"1725714972273"}}
{"logTime": "1013/234411", "correlationVector":"46tCwr27CysO005hR3I9q9.76","action":"GetUpdates", "result":"DeleteReceived", "context":{"id":"351af5fa-486d-45a7-89c9-674f7544dcaf", "isDeleted:":"true", "version":"1725714972274"}}
{"logTime": "1013/234411", "correlationVector":"46tCwr27CysO005hR3I9q9.77","action":"GetUpdates", "result":"DeleteReceived", "context":{"id":"757e6e6c-8e6b-4021-8ee2-aac76c73ea2a", "isDeleted:":"true", "version":"1725714972276"}}
{"logTime": "1013/234411", "correlationVector":"46tCwr27CysO005hR3I9q9.78","action":"GetUpdates", "result":"DeleteReceived", "context":{"id":"47452e81-4501-4065-9ac4-d622f06576bf", "isDeleted:":"true", "version":"1725733834863"}}
{"logTime": "1013/234411", "correlationVector":"46tCwr27CysO005hR3I9q9.79","action":"GetUpdates", "result":"DeleteReceived", "context":{"id":"31681050-c711-4646-828d-30e1957f451c", "isDeleted:":"true", "version":"1725733834864"}}
{"logTime": "1013/234411", "correlationVector":"46tCwr27CysO005hR3I9q9.80","action":"GetUpdates", "result":"DeleteReceived", "context":{"id":"83675e6f-7555-43bb-8d68-0711865555bf", "isDeleted:":"true", "version":"1725733834865"}}
{"logTime": "1013/234411", "correlationVector":"46tCwr27CysO005hR3I9q9.81","action":"GetUpdates", "result":"DeleteReceived", "context":{"id":"603b24f3-8548-42a9-87f2-e9fab1c87d42", "isDeleted:":"true", "version":"1725733834866"}}
{"logTime": "1013/234411", "correlationVector":"46tCwr27CysO005hR3I9q9.82","action":"GetUpdates", "result":"DeleteReceived", "context":{"id":"b3b28fcc-67b0-4ba8-961d-f68171c33044", "isDeleted:":"true", "version":"1725733834867"}}
{"logTime": "1013/234411", "correlationVector":"46tCwr27CysO005hR3I9q9.83","action":"GetUpdates", "result":"DeleteReceived", "context":{"id":"9cfa2062-f808-43d1-90fe-289eb24b9d68", "isDeleted:":"true", "version":"1725733834868"}}
{"logTime": "1013/234411", "correlationVector":"46tCwr27CysO005hR3I9q9.84","action":"GetUpdates", "result":"DeleteReceived", "context":{"id":"09d9db62-faff-44a9-99df-dfa3aaecfad2", "isDeleted:":"true", "version":"1725733834869"}}
{"logTime": "1013/234411", "correlationVector":"46tCwr27CysO005hR3I9q9.85","action":"GetUpdates", "result":"DeleteReceived", "context":{"id":"b7cb7f0a-b976-40a5-a705-dea184963d05", "isDeleted:":"true", "version":"1725733834870"}}
{"logTime": "1013/234411", "correlationVector":"46tCwr27CysO005hR3I9q9.86","action":"GetUpdates", "result":"DeleteReceived", "context":{"id":"efaf9a69-2ae3-4e8a-b453-1dff3b641974", "isDeleted:":"true", "version":"1725733834871"}}
{"logTime": "1013/234411", "correlationVector":"46tCwr27CysO005hR3I9q9.87","action":"GetUpdates", "result":"DeleteReceived", "context":{"id":"c5fa69c3-92ad-4cd0-aa2e-c9374d39065e", "isDeleted:":"true", "version":"1725733834872"}}
{"logTime": "1013/234411", "correlationVector":"46tCwr27CysO005hR3I9q9.88","action":"GetUpdates", "result":"DeleteReceived", "context":{"id":"ee7b3b93-26c2-42f2-bd80-dae8856949c0", "isDeleted:":"true", "version":"1725733834873"}}
{"logTime": "1013/234411", "correlationVector":"46tCwr27CysO005hR3I9q9.89","action":"GetUpdates", "result":"DeleteReceived", "context":{"id":"3a3c5fbb-e746-4002-b9e1-00caa8cc12f5", "isDeleted:":"true", "version":"1726173678783"}}
{"logTime": "1013/234411", "correlationVector":"46tCwr27CysO005hR3I9q9.90","action":"GetUpdates", "result":"DeleteReceived", "context":{"id":"27b9df39-5b53-4e5c-937f-019a2fa2af32", "isDeleted:":"true", "version":"1726202482258"}}
{"logTime": "1013/234411", "correlationVector":"46tCwr27CysO005hR3I9q9.91","action":"GetUpdates", "result":"DeleteReceived", "context":{"id":"5298e11c-d6b5-499b-bbfa-f2c478769c41", "isDeleted:":"true", "version":"1726202482260"}}
{"logTime": "1013/234411", "correlationVector":"46tCwr27CysO005hR3I9q9.92","action":"GetUpdates", "result":"DeleteReceived", "context":{"id":"2076fe4c-de47-4d3e-b89c-4aa1b818db9c", "isDeleted:":"true", "version":"1726202567630"}}
{"logTime": "1013/234411", "correlationVector":"46tCwr27CysO005hR3I9q9.93","action":"GetUpdates", "result":"DeleteReceived", "context":{"id":"82f9f44d-b8ec-447e-b247-83481aff4ccf", "isDeleted:":"true", "version":"1726382550916"}}
{"logTime": "1013/234411", "correlationVector":"46tCwr27CysO005hR3I9q9.94","action":"GetUpdates", "result":"DeleteReceived", "context":{"id":"e8260e44-834a-422d-b548-ce3b306619a2", "isDeleted:":"true", "version":"1726565885520"}}
{"logTime": "1013/234411", "correlationVector":"46tCwr27CysO005hR3I9q9.95","action":"GetUpdates", "result":"DeleteReceived", "context":{"id":"dadb4ddb-b9bb-4f39-9ade-3f46bfa73800", "isDeleted:":"true", "version":"1726565885522"}}
{"logTime": "1013/234411", "correlationVector":"46tCwr27CysO005hR3I9q9.96","action":"GetUpdates", "result":"DeleteReceived", "context":{"id":"cc3b7491-96da-4f65-a0f0-28e16e4834c3", "isDeleted:":"true", "version":"1726565885523"}}
{"logTime": "1013/234411", "correlationVector":"46tCwr27CysO005hR3I9q9.97","action":"GetUpdates", "result":"DeleteReceived", "context":{"id":"c580feee-2196-424b-8c1b-c98d5c89b3dc", "isDeleted:":"true", "version":"1726565885524"}}
{"logTime": "1013/234411", "correlationVector":"46tCwr27CysO005hR3I9q9.98","action":"GetUpdates", "result":"DeleteReceived", "context":{"id":"1ad50e21-9912-44fa-a0fc-b6b4a1c9ee59", "isDeleted:":"true", "version":"1726565885525"}}
{"logTime": "1013/234411", "correlationVector":"46tCwr27CysO005hR3I9q9.99","action":"GetUpdates", "result":"DeleteReceived", "context":{"id":"0e68b80b-a161-40d3-aae8-8c73c8a08412", "isDeleted:":"true", "version":"1726634680546"}}
{"logTime": "1013/234411", "correlationVector":"46tCwr27CysO005hR3I9q9.100","action":"GetUpdates", "result":"DeleteReceived", "context":{"id":"3a813684-bf14-44a1-b062-5733ef82a01e", "isDeleted:":"true", "version":"1727074392817"}}
{"logTime": "1013/234411", "correlationVector":"46tCwr27CysO005hR3I9q9.101","action":"GetUpdates", "result":"DeleteReceived", "context":{"id":"24074759-3103-4bce-a59d-daa8fc27ec4d", "isDeleted:":"true", "version":"1727117173453"}}
{"logTime": "1013/234411", "correlationVector":"46tCwr27CysO005hR3I9q9.102","action":"GetUpdates", "result":"DeleteReceived", "context":{"id":"3f24ac86-220d-489b-8817-cdf0dbfbf0bc", "isDeleted:":"true", "version":"1727117173454"}}
{"logTime": "1013/234411", "correlationVector":"46tCwr27CysO005hR3I9q9.103","action":"GetUpdates", "result":"DeleteReceived", "context":{"id":"c8dcb2ae-13eb-46c2-a2cc-59261fc85225", "isDeleted:":"true", "version":"1727117545178"}}
{"logTime": "1013/234411", "correlationVector":"46tCwr27CysO005hR3I9q9.104","action":"GetUpdates", "result":"DeleteReceived", "context":{"id":"87abdb01-9b30-4a98-a6f1-2471a1c5ded4", "isDeleted:":"true", "version":"1727117545179"}}
{"logTime": "1013/234411", "correlationVector":"46tCwr27CysO005hR3I9q9.105","action":"GetUpdates", "result":"DeleteReceived", "context":{"id":"234341db-6754-4220-a88d-b0afd55f182d", "isDeleted:":"true", "version":"1727117545181"}}
{"logTime": "1013/234411", "correlationVector":"46tCwr27CysO005hR3I9q9.106","action":"GetUpdates", "result":"DeleteReceived", "context":{"id":"eff91565-1aab-419b-862f-d4c373b0c9e1", "isDeleted:":"true", "version":"1727117576499"}}
{"logTime": "1013/234411", "correlationVector":"46tCwr27CysO005hR3I9q9.107","action":"GetUpdates", "result":"DeleteReceived", "context":{"id":"f5201349-d698-45b3-bc9e-0592b83ad672", "isDeleted:":"true", "version":"1727117576500"}}
{"logTime": "1013/234411", "correlationVector":"46tCwr27CysO005hR3I9q9.108","action":"GetUpdates", "result":"DeleteReceived", "context":{"id":"6bfd6a92-a973-49b5-bfa0-f920ac38747a", "isDeleted:":"true", "version":"1727119071439"}}
{"logTime": "1013/234411", "correlationVector":"46tCwr27CysO005hR3I9q9.109","action":"GetUpdates", "result":"DeleteReceived", "context":{"id":"9f25bee6-90c0-4751-b0ca-170f05d9d14f", "isDeleted:":"true", "version":"1727121448165"}}
{"logTime": "1013/234411", "correlationVector":"46tCwr27CysO005hR3I9q9.110","action":"GetUpdates", "result":"DeleteReceived", "context":{"id":"60649484-3d0b-430d-925f-72499a9c34ef", "isDeleted:":"true", "version":"1727125084536"}}
{"logTime": "1013/234411", "correlationVector":"46tCwr27CysO005hR3I9q9.111","action":"GetUpdates", "result":"DeleteReceived", "context":{"id":"19e55529-b489-4054-84ae-62079e10d4ae", "isDeleted:":"true", "version":"1727177407813"}}
{"logTime": "1013/234411", "correlationVector":"46tCwr27CysO005hR3I9q9.112","action":"GetUpdates", "result":"DeleteReceived", "context":{"id":"de1260fa-193f-489f-ac47-54f588bd6afe", "isDeleted:":"true", "version":"1727177407814"}}
{"logTime": "1013/234411", "correlationVector":"46tCwr27CysO005hR3I9q9.113","action":"GetUpdates", "result":"DeleteReceived", "context":{"id":"249a6e31-c88e-4021-9b0f-59614afbe66a", "isDeleted:":"true", "version":"1727177407815"}}
{"logTime": "1013/234411", "correlationVector":"46tCwr27CysO005hR3I9q9.114","action":"GetUpdates", "result":"DeleteReceived", "context":{"id":"ba6f1958-8d3e-4278-aeaf-83b5ee571893", "isDeleted:":"true", "version":"1727177515896"}}
{"logTime": "1013/234411", "correlationVector":"46tCwr27CysO005hR3I9q9.115","action":"GetUpdates", "result":"DeleteReceived", "context":{"id":"b98af2e8-3021-4b18-b79e-38b50e148bf2", "isDeleted:":"true", "version":"1727177594986"}}
{"logTime": "1013/234411", "correlationVector":"46tCwr27CysO005hR3I9q9.116","action":"GetUpdates", "result":"DeleteReceived", "context":{"id":"c1ecb4f4-4be8-401b-bf55-55e1ba35c70e", "isDeleted:":"true", "version":"1727291790731"}}
{"logTime": "1013/234411", "correlationVector":"46tCwr27CysO005hR3I9q9.117","action":"GetUpdates", "result":"DeleteReceived", "context":{"id":"384d348a-7dc6-42ad-96fa-a5777fc66628", "isDeleted:":"true", "version":"1727829419040"}}
{"logTime": "1013/234411", "correlationVector":"46tCwr27CysO005hR3I9q9.118","action":"GetUpdates", "result":"DeleteReceived", "context":{"id":"ebe2f6b6-636d-4f9e-939a-ff506ab56e69", "isDeleted:":"true", "version":"1728398325304"}}
{"logTime": "1013/234411", "correlationVector":"46tCwr27CysO005hR3I9q9.119","action":"GetUpdates", "result":"DeleteReceived", "context":{"id":"3d7afb9c-4b56-43c8-90b9-f5a477cccdd8", "isDeleted:":"true", "version":"1728600291492"}}
{"logTime": "1013/234411", "correlationVector":"46tCwr27CysO005hR3I9q9.120","action":"GetUpdates", "result":"DeleteReceived", "context":{"id":"5ff219e2-75d0-40d0-b2f7-a066bd5cfaa5", "isDeleted:":"true", "version":"1728600364272"}}
{"logTime": "1013/234411", "correlationVector":"46tCwr27CysO005hR3I9q9.121","action":"GetUpdates", "result":"DeleteReceived", "context":{"id":"5e30da8a-9461-4379-88b1-21fff88aa77e", "isDeleted:":"true", "version":"1726863391906"}}
{"logTime": "1013/234411", "correlationVector":"46tCwr27CysO005hR3I9q9.122","action":"GetUpdates Response", "result":"Success", "context":Received 164 update(s). cV=46tCwr27CysO005hR3I9q9.0;server=GENERAL0300000D;cloudType=Consumer;environment=Prod_SoutheastAsia_000j;migrationStage=NotStarted}
{"logTime": "1013/234411", "correlationVector":"f0eRsR03WFayplgcqG5fqV","action":"Normal GetUpdate request", "result":"", "context":cV=f0eRsR03WFayplgcqG5fqV
Nudged types: Bookmarks, Preferences, Sessions, Device Info, User Consents
Refresh requested types: Bookmarks, Preferences, Passwords, Autofill Profiles, Autofill, Typed URLs, Extensions, Sessions, Extension settings, History Delete Directives, Device Info, User Consents, Send Tab To Self, Web Apps, Collection, Edge E Drop, Edge Hub App Usage, Edge Tab Group, Edge Wallet, Encryption Keys}
{"logTime": "1013/234412", "correlationVector":"f0eRsR03WFayplgcqG5fqV.1","action":"SyncServerConnectionManagerRequest", "result":"SYNC_SERVER_OK", "context":{"environment":"Prod_SoutheastAsia_000j", "migrationStage":"NotStarted", "server":"GENERAL0300001A"}}
{"logTime": "1013/234412", "correlationVector":"f0eRsR03WFayplgcqG5fqV.2","action":"GetUpdates Response", "result":"Success", "context":Received 0 update(s). cV=f0eRsR03WFayplgcqG5fqV.0;server=GENERAL0300001A;cloudType=Consumer;environment=Prod_SoutheastAsia_000j;migrationStage=NotStarted}
{"logTime": "1013/234412", "correlationVector":"7ZUeHeA6kh0wupSGHre1ZY","action":"Commit Request", "result":"", "context":Item count: 9
Contributing types: Bookmarks, Preferences, Sessions, Device Info, User Consents}
{"logTime": "1013/234413", "correlationVector":"7ZUeHeA6kh0wupSGHre1ZY.1","action":"SyncServerConnectionManagerRequest", "result":"SYNC_SERVER_OK", "context":{"environment":"Prod_SoutheastAsia_000j", "migrationStage":"NotStarted", "server":"GENERAL0100000T"}}
{"logTime": "1013/234413", "correlationVector":"7ZUeHeA6kh0wupSGHre1ZY.2","action":"Commit Response", "result":"Success", "context":Result: Success. cV=7ZUeHeA6kh0wupSGHre1ZY.0;server=GENERAL0100000T;cloudType=Consumer;environment=Prod_SoutheastAsia_000j;migrationStage=NotStarted}
{"logTime": "1013/234413", "correlationVector":"SgQP93wU3ctHzwZYEScN7d","action":"Normal GetUpdate request", "result":"", "context":cV=SgQP93wU3ctHzwZYEScN7d
Nudged types: Preferences, Sessions, Device Info}
{"logTime": "1013/234415", "correlationVector":"SgQP93wU3ctHzwZYEScN7d.1","action":"SyncServerConnectionManagerRequest", "result":"SYNC_SERVER_OK", "context":{"environment":"Prod_SoutheastAsia_000j", "migrationStage":"NotStarted", "server":"GENERAL0300000V"}}
{"logTime": "1013/234415", "correlationVector":"SgQP93wU3ctHzwZYEScN7d.2","action":"GetUpdates Response", "result":"Success", "context":Received 8 update(s). cV=SgQP93wU3ctHzwZYEScN7d.0;server=GENERAL0300000V;cloudType=Consumer;environment=Prod_SoutheastAsia_000j;migrationStage=NotStarted}
{"logTime": "1013/234415", "correlationVector":"juy9EnhweSBy8S5n7rr8hi","action":"DoCompareDataConsistency requsted types: ", "result":"Bookmarks, Preferences, Passwords, Typed URLs, Extensions, Extension settings, History Delete Directives, Send Tab To Self, Web Apps, Collection, Edge E Drop, Edge Tab Group, Edge Wallet, Encryption Keys"}
{"logTime": "1013/234415", "correlationVector":"juy9EnhweSBy8S5n7rr8hi.0","action":"CompareDataConsistency result: ", "result":"Compare result: Encryption Keys is consistent. local entities count is: 1 local entities hash is: hVOeurwOCAQk41AXT+IDYhPAJUk="}
{"logTime": "1013/234415", "correlationVector":"juy9EnhweSBy8S5n7rr8hi.1","action":"CompareDataConsistency result: ", "result":"Compare result: Bookmarks is consistent. local entities count is: 102 local entities hash is: jKK4YBuB60Dxy8CmE6fRlBMmdBU="}
{"logTime": "1013/234415", "correlationVector":"juy9EnhweSBy8S5n7rr8hi.2","action":"CompareDataConsistency result: ", "result":"Compare result: Preferences is consistent. local entities count is: 61 local entities hash is: 1zXYN6Pr0hO7B+hfOBsBUvHj58k="}
{"logTime": "1013/234415", "correlationVector":"juy9EnhweSBy8S5n7rr8hi.3","action":"CompareDataConsistency result: ", "result":"Server did not send this Typed URLs local entities count is: 5 local entities hash is: 0lO/uHrY1750SEizJpO47rHgico="}
{"logTime": "1013/234415", "correlationVector":"juy9EnhweSBy8S5n7rr8hi.4","action":"CompareDataConsistency result: ", "result":"Compare result: Extensions is consistent. local entities count is: 3 local entities hash is: ueQeCXuP8aSYPL4J2Cdx1Rx6aMs="}
{"logTime": "1013/234415", "correlationVector":"juy9EnhweSBy8S5n7rr8hi.5","action":"CompareDataConsistency result: ", "result":"Compare result: Extension settings is consistent. local entities count is: 28 local entities hash is: cgz96lFodjAvB3DlPKFbaHJjTTo="}
{"logTime": "1013/234415", "correlationVector":"juy9EnhweSBy8S5n7rr8hi.6","action":"CompareDataConsistency result: ", "result":"Compare result: History Delete Directives is inconsistent. server entities count is: 1 server entities hash is: ZRiGPP0ycix0KRHCpc76cWjx22w= local entities count is: 0 local entities hash is: "}
{"logTime": "1013/234415", "correlationVector":"juy9EnhweSBy8S5n7rr8hi.7","action":"CompareDataConsistency result: ", "result":"Server did not send this Send Tab To Self local entities count is: 0 local entities hash is: "}
{"logTime": "1013/234415", "correlationVector":"juy9EnhweSBy8S5n7rr8hi.8","action":"CompareDataConsistency result: ", "result":"Compare result: Web Apps is consistent. local entities count is: 0 local entities hash is: "}
{"logTime": "1013/234415", "correlationVector":"juy9EnhweSBy8S5n7rr8hi.9","action":"CompareDataConsistency result: ", "result":"Compare result: Collection is consistent. local entities count is: 0 local entities hash is: "}
{"logTime": "1013/234415", "correlationVector":"juy9EnhweSBy8S5n7rr8hi.10","action":"CompareDataConsistency result: ", "result":"Compare result: Edge E Drop is consistent. local entities count is: 0 local entities hash is: "}
{"logTime": "1013/234415", "correlationVector":"juy9EnhweSBy8S5n7rr8hi.11","action":"CompareDataConsistency result: ", "result":"Compare result: Edge Tab Group is consistent. local entities count is: 1 local entities hash is: FUzcwNpci8bIg+uNnpXzeZfdZRo="}
{"logTime": "1013/234415", "correlationVector":"juy9EnhweSBy8S5n7rr8hi.12","action":"CompareDataConsistency result: ", "result":"Compare result: Edge Wallet is consistent. local entities count is: 0 local entities hash is: "}
{"logTime": "1013/234415", "correlationVector":"juy9EnhweSBy8S5n7rr8hi.13","action":"CompareDataConsistency result: ", "result":"Compare result: Passwords is consistent. local entities count is: 35 local entities hash is: hJxLGz9LShkCJwfJeiXCWFnt/f8="}
{"logTime": "1013/234416", "correlationVector":"","action":"DIAGNOSTIC_REQUEST|v1/diagnosticData/Diagnostic.SendCheckResult()|SUCCESS", "result":""}
{"logTime": "1013/234444", "correlationVector":"A5DcSxB2sYcO2JjgF2/kEK","action":"Normal GetUpdate request", "result":"", "context":cV=A5DcSxB2sYcO2JjgF2/kEK
Nudged types: Sessions, User Consents}
{"logTime": "1013/234445", "correlationVector":"A5DcSxB2sYcO2JjgF2/kEK.1","action":"SyncServerConnectionManagerRequest", "result":"SYNC_SERVER_OK", "context":{"environment":"Prod_SoutheastAsia_000j", "migrationStage":"NotStarted", "server":"GENERAL01000017"}}
{"logTime": "1013/234445", "correlationVector":"A5DcSxB2sYcO2JjgF2/kEK.2","action":"GetUpdates Response", "result":"Success", "context":Received 0 update(s). cV=A5DcSxB2sYcO2JjgF2/kEK.0;server=GENERAL01000017;cloudType=Consumer;environment=Prod_SoutheastAsia_000j;migrationStage=NotStarted}
{"logTime": "1013/234445", "correlationVector":"fo8Nd0yOyc5esaJ8sN2itD","action":"Commit Request", "result":"", "context":Item count: 2
Contributing types: Sessions, User Consents}
{"logTime": "1013/234446", "correlationVector":"fo8Nd0yOyc5esaJ8sN2itD.1","action":"SyncServerConnectionManagerRequest", "result":"SYNC_SERVER_OK", "context":{"environment":"Prod_SoutheastAsia_000j", "migrationStage":"NotStarted", "server":"GENERAL03000000"}}
{"logTime": "1013/234446", "correlationVector":"fo8Nd0yOyc5esaJ8sN2itD.2","action":"Commit Response", "result":"Success", "context":Result: Success. cV=fo8Nd0yOyc5esaJ8sN2itD.0;server=GENERAL03000000;cloudType=Consumer;environment=Prod_SoutheastAsia_000j;migrationStage=NotStarted}
